Lanzada por el usuario [8mha:////4ASAjq7C/sSB4sIzq+4BVAAZsrwMTV3jKz30sL1zmxUIAAAAlx+LCAAAAAAAAP9b85aBtbiIQTGjNKU4P08vOT+vOD8nVc83PyU1x6OyILUoJzMv2y+/JJUBAhiZGBgqihhk0NSjKDWzXb3RdlLBUSYGJk8GtpzUvPSSDB8G5tKinBIGIZ+sxLJE/ZzEvHT94JKizLx0a6BxUmjGOUNodHsLgAzWEgZu/dLi1CL9xJTczDwAj6GcLcAAAAA=[0madmin
Ejecutando.en el espacio de trabajo C:\Users\sergiog\.jenkins\workspace\Run_Tests_Local_Secuencial
 > git.exe rev-parse --is-inside-work-tree # timeout=10
Fetching changes from the remote Git repository
 > git.exe config remote.origin.url https://github.com/sglezcasco/sgc-tfgii.git # timeout=10
Fetching upstream changes from https://github.com/sglezcasco/sgc-tfgii.git
 > git.exe --version # timeout=10
 > git.exe fetch --tags --progress https://github.com/sglezcasco/sgc-tfgii.git +refs/heads/*:refs/remotes/origin/*
 > git.exe rev-parse "refs/remotes/origin/master^{commit}" # timeout=10
 > git.exe rev-parse "refs/remotes/origin/origin/master^{commit}" # timeout=10
Checking out Revision 82875a017b1715bca35760eec2c87a27d23ba747 (refs/remotes/origin/master)
 > git.exe config core.sparsecheckout # timeout=10
 > git.exe checkout -f 82875a017b1715bca35760eec2c87a27d23ba747
Commit message: "changes to include new attribute test"
 > git.exe rev-list --no-walk 82875a017b1715bca35760eec2c87a27d23ba747 # timeout=10
Run condition [Boolean condition] enabling prebuild for step [Ejecutar un comando de Windows]
Run condition [Boolean condition] enabling prebuild for step [Ejecutar un comando de Windows]
Run condition [Boolean condition] enabling prebuild for step [Ejecutar un comando de Windows]
Run condition [Boolean condition] enabling prebuild for step [Ejecutar un comando de Windows]
[Run_Tests_Local_Secuencial] $ cmd /c call C:\Users\sergiog\AppData\Local\Temp\jenkins5228587919339932900.bat

C:\Users\sergiog\.jenkins\workspace\Run_Tests_Local_Secuencial>mvn eclipse:eclipse 
[INFO] Scanning for projects...
[INFO]                                                                         
[INFO] ------------------------------------------------------------------------
[INFO] Building Selenium Tests 1.0.0
[INFO] ------------------------------------------------------------------------
[INFO] 
[INFO] >>> maven-eclipse-plugin:2.10:eclipse (default-cli) > generate-resources @ pruebas-selenium >>>
[INFO] 
[INFO] <<< maven-eclipse-plugin:2.10:eclipse (default-cli) < generate-resources @ pruebas-selenium <<<
[INFO] 
[INFO] --- maven-eclipse-plugin:2.10:eclipse (default-cli) @ pruebas-selenium ---
[INFO] Using Eclipse Workspace: null
[INFO] Adding default classpath container: org.eclipse.jdt.launching.JRE_CONTAINER/org.eclipse.jdt.internal.debug.ui.launcher.StandardVMType/JavaSE-1.8
[INFO] File C:\Users\sergiog\.jenkins\workspace\Run_Tests_Local_Secuencial\.project already exists.
       Additional settings will be preserved, run mvn eclipse:clean if you want old settings to be removed.
[INFO] Wrote Eclipse project for "pruebas-selenium" to C:\Users\sergiog\.jenkins\workspace\Run_Tests_Local_Secuencial.
[INFO] 
[INFO] ------------------------------------------------------------------------
[INFO] BUILD SUCCESS
[INFO] ------------------------------------------------------------------------
[INFO] Total time: 2.376 s
[INFO] Finished at: 2018-03-22T20:05:05+01:00
[INFO] Final Memory: 17M/221M
[INFO] ------------------------------------------------------------------------
[Boolean condition] checking [false] against [^(1|y|yes|t|true|on|run)$] (origin token: ${Firefox})
Run condition [Boolean condition] preventing perform for step [Ejecutar un comando de Windows]
[Boolean condition] checking [true] against [^(1|y|yes|t|true|on|run)$] (origin token: ${Chrome})
Run condition [Boolean condition] enabling perform for step [Ejecutar un comando de Windows]
[Run_Tests_Local_Secuencial] $ cmd /c call C:\Users\sergiog\AppData\Local\Temp\jenkins6403986658720965577.bat

C:\Users\sergiog\.jenkins\workspace\Run_Tests_Local_Secuencial>mvn -Dtest=unir.net.tfgii.selenium.tests.Login,unir.net.tfgii.selenium.tests.Registro -DdriverProvider=GoogleChromeDriver -Dexecution=local -Dhost=localhost test 
[INFO] Scanning for projects...
[INFO]                                                                         
[INFO] ------------------------------------------------------------------------
[INFO] Building Selenium Tests 1.0.0
[INFO] ------------------------------------------------------------------------
[INFO] 
[INFO] --- maven-resources-plugin:2.6:resources (default-resources) @ pruebas-selenium ---
[INFO] Using 'UTF-8' encoding to copy filtered resources.
[INFO] skip non existing resourceDirectory C:\Users\sergiog\.jenkins\workspace\Run_Tests_Local_Secuencial\src\main\resources
[INFO] 
[INFO] --- maven-compiler-plugin:3.3:compile (default-compile) @ pruebas-selenium ---
[INFO] No sources to compile
[INFO] 
[INFO] --- maven-resources-plugin:2.6:testResources (default-testResources) @ pruebas-selenium ---
[INFO] Using 'UTF-8' encoding to copy filtered resources.
[INFO] Copying 4 resources
[INFO] 
[INFO] --- maven-compiler-plugin:3.3:testCompile (default-testCompile) @ pruebas-selenium ---
[INFO] Nothing to compile - all classes are up to date
[INFO] 
[INFO] --- maven-surefire-plugin:2.14.1:test (default-test) @ pruebas-selenium ---
[INFO] Surefire report directory: C:\Users\sergiog\.jenkins\workspace\Run_Tests_Local_Secuencial\target\surefire-reports

-------------------------------------------------------
 T E S T S
-------------------------------------------------------
Running TestSuite
Configuring TestNG with: TestNG652Configurator
2018-03-22 20:05:09.904 unir.net.tfgii.selenium.drivers.GoogleChromeDriver DEBUG - Inicializando driver Google Chrome.
Starting ChromeDriver 2.36.540470 (e522d04694c7ebea4ba8821272dbef4f9b818c91) on port 44395
Only local connections are allowed.
mar 22, 2018 8:05:15 PM org.openqa.selenium.remote.ProtocolHandshake createSession
INFORMACIÓN: Detected dialect: OSS
2018-03-22 20:05:16.213 unir.net.tfgii.selenium.init.SeleniumDriverOperations DEBUG - Driver inicializado correctamente
2018-03-22 20:05:16.233 unir.net.tfgii.selenium.tests.Login DEBUG - INICIO- Caso de Prueba de Login
La url de inicio es: http://www.sgc-tfgii.es/index.html
2018-03-22 20:05:16.836 unir.net.tfgii.selenium.tests.Login DEBUG - 01 -Cargamos la página de login
2018-03-22 20:05:16.898 unir.net.tfgii.selenium.tests.Login DEBUG - 02 -Esperamos que cargue la página de login
2018-03-22 20:05:16.916 unir.net.tfgii.selenium.tests.Login DEBUG - 03 -Comprobamos que es la pagina de login
2018-03-22 20:05:52.342 unir.net.tfgii.selenium.pageobjects.PageObjectLoginPage DEBUG - Logamos con user: UnirTFGII y pwd: Proxy element for: DefaultElementLocator 'By.id: pwd'
2018-03-22 20:05:52.343 unir.net.tfgii.selenium.tests.Login DEBUG - 04 -Hacemos Login con user: UnirTFGII
2018-03-22 20:05:52.377 unir.net.tfgii.selenium.tests.Login DEBUG - 05 -Esperamos que cargue la página principal
2018-03-22 20:05:52.391 unir.net.tfgii.selenium.tests.Login DEBUG - 06 -Comprobamos que es la pagina principal 
2018-03-22 20:05:57.460 unir.net.tfgii.selenium.tests.Login DEBUG - 07 -Hacemos click en la seccion Jenkins 
2018-03-22 20:06:02.541 unir.net.tfgii.selenium.tests.Login DEBUG - 08 -Salir
2018-03-22 20:06:02.541 unir.net.tfgii.selenium.tests.Login DEBUG - FIN- TEST OK
2018-03-22 20:06:02.544 unir.net.tfgii.selenium.tests.base.BaseTestCase DEBUG - Cerrando el driver
2018-03-22 20:06:03.220 unir.net.tfgii.selenium.drivers.GoogleChromeDriver DEBUG - Inicializando driver Google Chrome.
Starting ChromeDriver 2.36.540470 (e522d04694c7ebea4ba8821272dbef4f9b818c91) on port 16428
Only local connections are allowed.
mar 22, 2018 8:06:05 PM org.openqa.selenium.remote.ProtocolHandshake createSession
INFORMACIÓN: Detected dialect: OSS
2018-03-22 20:06:06.232 unir.net.tfgii.selenium.init.SeleniumDriverOperations DEBUG - Driver inicializado correctamente
2018-03-22 20:06:06.233 unir.net.tfgii.selenium.tests.Registro DEBUG - INICIO- Caso de Prueba de Registro
La url de inicio es: http://www.sgc-tfgii.es/index.html
2018-03-22 20:06:06.517 unir.net.tfgii.selenium.tests.Registro DEBUG - 01 -Cargamos la página de login
2018-03-22 20:06:06.560 unir.net.tfgii.selenium.tests.Registro DEBUG - 02 -Esperamos que cargue la página de login
2018-03-22 20:06:06.578 unir.net.tfgii.selenium.tests.Registro DEBUG - 03 -Comprobamos que es la pagina de login
2018-03-22 20:06:06.715 unir.net.tfgii.selenium.pageobjects.PageObjectLoginPage DEBUG - Vamos al registro de usuarios
2018-03-22 20:06:06.722 unir.net.tfgii.selenium.tests.Registro DEBUG - 04 -Vamos al registro de usuarios
2018-03-22 20:06:06.761 unir.net.tfgii.selenium.tests.Registro DEBUG - 05 -Esperamos que cargue la página de registro
2018-03-22 20:06:06.777 unir.net.tfgii.selenium.tests.Registro DEBUG - 06 -Comprobamos que es la pagina de registro 
2018-03-22 20:06:17.739 unir.net.tfgii.selenium.pageobjects.PageObjectRegisterPage DEBUG - Registro rellenado con usuario: sergiogc
2018-03-22 20:06:17.739 unir.net.tfgii.selenium.tests.Registro DEBUG - 07 -Datos formulario registro rellenados
2018-03-22 20:06:22.927 unir.net.tfgii.selenium.pageobjects.PageObjectRegisterPage DEBUG - Realizamos el registro. 
2018-03-22 20:06:22.927 unir.net.tfgii.selenium.tests.Registro DEBUG - 08 -Enviar Registrado
2018-03-22 20:06:27.994 unir.net.tfgii.selenium.tests.Registro DEBUG - 09 -Salir
2018-03-22 20:06:27.994 unir.net.tfgii.selenium.tests.Registro DEBUG - FIN- TEST OK
2018-03-22 20:06:27.995 unir.net.tfgii.selenium.tests.base.BaseTestCase DEBUG - Cerrando el driver
Tests run: 2, Failures: 0, Errors: 0, Skipped: 0, Time elapsed: 79.554 sec

Results :

Tests run: 2, Failures: 0, Errors: 0, Skipped: 0

[INFO] ------------------------------------------------------------------------
[INFO] BUILD SUCCESS
[INFO] ------------------------------------------------------------------------
[INFO] Total time: 01:21 min
[INFO] Finished at: 2018-03-22T20:06:28+01:00
[INFO] Final Memory: 12M/221M
[INFO] ------------------------------------------------------------------------
[Boolean condition] checking [true] against [^(1|y|yes|t|true|on|run)$] (origin token: ${Edge})
Run condition [Boolean condition] enabling perform for step [Ejecutar un comando de Windows]
[Run_Tests_Local_Secuencial] $ cmd /c call C:\Users\sergiog\AppData\Local\Temp\jenkins1938308233839208391.bat

C:\Users\sergiog\.jenkins\workspace\Run_Tests_Local_Secuencial>mvn -Dtest=unir.net.tfgii.selenium.tests.Login,unir.net.tfgii.selenium.tests.Registro -DdriverProvider=MicrosoftEdgeDriver -Dexecution=local -Dhost=localhost test 
[INFO] Scanning for projects...
[INFO]                                                                         
[INFO] ------------------------------------------------------------------------
[INFO] Building Selenium Tests 1.0.0
[INFO] ------------------------------------------------------------------------
[INFO] 
[INFO] --- maven-resources-plugin:2.6:resources (default-resources) @ pruebas-selenium ---
[INFO] Using 'UTF-8' encoding to copy filtered resources.
[INFO] skip non existing resourceDirectory C:\Users\sergiog\.jenkins\workspace\Run_Tests_Local_Secuencial\src\main\resources
[INFO] 
[INFO] --- maven-compiler-plugin:3.3:compile (default-compile) @ pruebas-selenium ---
[INFO] No sources to compile
[INFO] 
[INFO] --- maven-resources-plugin:2.6:testResources (default-testResources) @ pruebas-selenium ---
[INFO] Using 'UTF-8' encoding to copy filtered resources.
[INFO] Copying 4 resources
[INFO] 
[INFO] --- maven-compiler-plugin:3.3:testCompile (default-testCompile) @ pruebas-selenium ---
[INFO] Nothing to compile - all classes are up to date
[INFO] 
[INFO] --- maven-surefire-plugin:2.14.1:test (default-test) @ pruebas-selenium ---
[INFO] Surefire report directory: C:\Users\sergiog\.jenkins\workspace\Run_Tests_Local_Secuencial\target\surefire-reports

-------------------------------------------------------
 T E S T S
-------------------------------------------------------
Running TestSuite
Configuring TestNG with: TestNG652Configurator
2018-03-22 20:06:33.197 unir.net.tfgii.selenium.drivers.MicrosoftEdgeDriver DEBUG - Inicializando driver Microsoft Edge.
[20:06:33.771] - Listening on http://localhost:32315/ 
mar 22, 2018 8:06:35 PM org.openqa.selenium.remote.ProtocolHandshake createSession
INFORMACIÓN: Detected dialect: OSS
2018-03-22 20:06:35.614 unir.net.tfgii.selenium.init.SeleniumDriverOperations DEBUG - Driver inicializado correctamente
2018-03-22 20:06:35.636 unir.net.tfgii.selenium.tests.Login DEBUG - INICIO- Caso de Prueba de Login
La url de inicio es: http://www.sgc-tfgii.es/index.html
2018-03-22 20:06:35.995 unir.net.tfgii.selenium.tests.Login DEBUG - 01 -Cargamos la página de login
2018-03-22 20:06:36.023 unir.net.tfgii.selenium.tests.Login DEBUG - 02 -Esperamos que cargue la página de login
2018-03-22 20:06:36.028 unir.net.tfgii.selenium.tests.Login DEBUG - 03 -Comprobamos que es la pagina de login
2018-03-22 20:06:41.167 unir.net.tfgii.selenium.pageobjects.PageObjectLoginPage DEBUG - Logamos con user: UnirTFGII y pwd: [[EdgeDriver: MicrosoftEdge on WINDOWS (78EE14C2-5D07-4FCD-B140-12C6423706DE)] -> id: pwd]
2018-03-22 20:06:41.170 unir.net.tfgii.selenium.tests.Login DEBUG - 04 -Hacemos Login con user: UnirTFGII
2018-03-22 20:06:47.274 unir.net.tfgii.selenium.tests.Login DEBUG - 05 -Esperamos que cargue la página principal
2018-03-22 20:06:47.278 unir.net.tfgii.selenium.tests.Login DEBUG - 06 -Comprobamos que es la pagina principal 
2018-03-22 20:06:52.341 unir.net.tfgii.selenium.tests.Login DEBUG - 07 -Hacemos click en la seccion Jenkins 
2018-03-22 20:06:57.422 unir.net.tfgii.selenium.tests.Login DEBUG - 08 -Salir
2018-03-22 20:06:57.423 unir.net.tfgii.selenium.tests.Login DEBUG - FIN- TEST OK
2018-03-22 20:06:57.426 unir.net.tfgii.selenium.tests.base.BaseTestCase DEBUG - Cerrando el driver
[20:06:59.853] - Stopping server.
2018-03-22 20:07:00.387 unir.net.tfgii.selenium.drivers.MicrosoftEdgeDriver DEBUG - Inicializando driver Microsoft Edge.
[20:07:00.653] - Listening on http://localhost:29132/ 
mar 22, 2018 8:07:01 PM org.openqa.selenium.remote.ProtocolHandshake createSession
INFORMACIÓN: Detected dialect: OSS
2018-03-22 20:07:01.624 unir.net.tfgii.selenium.init.SeleniumDriverOperations DEBUG - Driver inicializado correctamente
2018-03-22 20:07:01.624 unir.net.tfgii.selenium.tests.Registro DEBUG - INICIO- Caso de Prueba de Registro
La url de inicio es: http://www.sgc-tfgii.es/index.html
2018-03-22 20:07:01.709 unir.net.tfgii.selenium.tests.Registro DEBUG - 01 -Cargamos la página de login
2018-03-22 20:07:01.733 unir.net.tfgii.selenium.tests.Registro DEBUG - 02 -Esperamos que cargue la página de login
2018-03-22 20:07:01.742 unir.net.tfgii.selenium.tests.Registro DEBUG - 03 -Comprobamos que es la pagina de login
2018-03-22 20:07:01.770 unir.net.tfgii.selenium.pageobjects.PageObjectLoginPage DEBUG - Vamos al registro de usuarios
2018-03-22 20:07:01.775 unir.net.tfgii.selenium.tests.Registro DEBUG - 04 -Vamos al registro de usuarios
2018-03-22 20:07:02.004 unir.net.tfgii.selenium.tests.Registro DEBUG - 05 -Esperamos que cargue la página de registro
2018-03-22 20:07:02.015 unir.net.tfgii.selenium.tests.Registro DEBUG - 06 -Comprobamos que es la pagina de registro 
2018-03-22 20:07:12.310 unir.net.tfgii.selenium.pageobjects.PageObjectRegisterPage DEBUG - Registro rellenado con usuario: sergiogc
2018-03-22 20:07:12.311 unir.net.tfgii.selenium.tests.Registro DEBUG - 07 -Datos formulario registro rellenados
2018-03-22 20:07:17.358 unir.net.tfgii.selenium.pageobjects.PageObjectRegisterPage DEBUG - Realizamos el registro. 
2018-03-22 20:07:17.359 unir.net.tfgii.selenium.tests.Registro DEBUG - 08 -Enviar Registrado
2018-03-22 20:07:22.437 unir.net.tfgii.selenium.tests.Registro DEBUG - 09 -Salir
2018-03-22 20:07:22.438 unir.net.tfgii.selenium.tests.Registro DEBUG - FIN- TEST OK
2018-03-22 20:07:22.441 unir.net.tfgii.selenium.tests.base.BaseTestCase DEBUG - Cerrando el driver
[20:07:24.754] - Stopping server.
Tests run: 2, Failures: 0, Errors: 0, Skipped: 0, Time elapsed: 52.937 sec

Results :

Tests run: 2, Failures: 0, Errors: 0, Skipped: 0

[INFO] ------------------------------------------------------------------------
[INFO] BUILD SUCCESS
[INFO] ------------------------------------------------------------------------
[INFO] Total time: 55.264 s
[INFO] Finished at: 2018-03-22T20:07:25+01:00
[INFO] Final Memory: 12M/222M
[INFO] ------------------------------------------------------------------------
[Boolean condition] checking [true] against [^(1|y|yes|t|true|on|run)$] (origin token: ${PhantomJS})
Run condition [Boolean condition] enabling perform for step [Ejecutar un comando de Windows]
[Run_Tests_Local_Secuencial] $ cmd /c call C:\Users\sergiog\AppData\Local\Temp\jenkins3706151550083328906.bat

C:\Users\sergiog\.jenkins\workspace\Run_Tests_Local_Secuencial>mvn -Dtest=unir.net.tfgii.selenium.tests.Login,unir.net.tfgii.selenium.tests.Registro -DdriverProvider=PhantomJSDriver -Dexecution=local -Dhost=localhost test  
[INFO] Scanning for projects...
[INFO]                                                                         
[INFO] ------------------------------------------------------------------------
[INFO] Building Selenium Tests 1.0.0
[INFO] ------------------------------------------------------------------------
[INFO] 
[INFO] --- maven-resources-plugin:2.6:resources (default-resources) @ pruebas-selenium ---
[INFO] Using 'UTF-8' encoding to copy filtered resources.
[INFO] skip non existing resourceDirectory C:\Users\sergiog\.jenkins\workspace\Run_Tests_Local_Secuencial\src\main\resources
[INFO] 
[INFO] --- maven-compiler-plugin:3.3:compile (default-compile) @ pruebas-selenium ---
[INFO] No sources to compile
[INFO] 
[INFO] --- maven-resources-plugin:2.6:testResources (default-testResources) @ pruebas-selenium ---
[INFO] Using 'UTF-8' encoding to copy filtered resources.
[INFO] Copying 4 resources
[INFO] 
[INFO] --- maven-compiler-plugin:3.3:testCompile (default-testCompile) @ pruebas-selenium ---
[INFO] Nothing to compile - all classes are up to date
[INFO] 
[INFO] --- maven-surefire-plugin:2.14.1:test (default-test) @ pruebas-selenium ---
[INFO] Surefire report directory: C:\Users\sergiog\.jenkins\workspace\Run_Tests_Local_Secuencial\target\surefire-reports

-------------------------------------------------------
 T E S T S
-------------------------------------------------------
Running TestSuite
Configuring TestNG with: TestNG652Configurator
Inicializando driver PhantomJS:C:\SoftDesarrollo\SeleniumWebdriver\phantomjs-1.9.7-windows\phantomjs.exe
2018-03-22 20:07:30.857 unir.net.tfgii.selenium.drivers.PhantomJSDriver DEBUG - Inicializando driver PhantomJS
mar 22, 2018 8:07:30 PM org.openqa.selenium.phantomjs.PhantomJSDriverService <init>
INFORMACIÓN: executable: C:\SoftDesarrollo\SeleniumWebdriver\phantomjs-1.9.7-windows\phantomjs.exe
mar 22, 2018 8:07:30 PM org.openqa.selenium.phantomjs.PhantomJSDriverService <init>
INFORMACIÓN: port: 38460
mar 22, 2018 8:07:30 PM org.openqa.selenium.phantomjs.PhantomJSDriverService <init>
INFORMACIÓN: arguments: [--ignore-ssl-errors=true, --ssl-protocol=tlsv1, --web-security=false, --webdriver-loglevel=OFF, --webdriver-loglevel=NONE, --webdriver=38460, --webdriver-logfile=C:\Users\sergiog\.jenkins\workspace\Run_Tests_Local_Secuencial\phantomjsdriver.log]
mar 22, 2018 8:07:30 PM org.openqa.selenium.phantomjs.PhantomJSDriverService <init>
INFORMACIÓN: environment: {}
PhantomJS is launching GhostDriver...
mar 22, 2018 8:07:36 PM org.openqa.selenium.remote.ProtocolHandshake createSession
INFORMACIÓN: Detected dialect: OSS
2018-03-22 20:07:36.179 unir.net.tfgii.selenium.init.SeleniumDriverOperations DEBUG - Driver inicializado correctamente
2018-03-22 20:07:36.183 unir.net.tfgii.selenium.tests.Login DEBUG - INICIO- Caso de Prueba de Login
La url de inicio es: http://www.sgc-tfgii.es/index.html
2018-03-22 20:07:42.169 unir.net.tfgii.selenium.tests.Login DEBUG - 01 -Cargamos la página de login
2018-03-22 20:07:42.207 unir.net.tfgii.selenium.tests.Login DEBUG - 02 -Esperamos que cargue la página de login
2018-03-22 20:07:42.219 unir.net.tfgii.selenium.tests.Login DEBUG - 03 -Comprobamos que es la pagina de login
2018-03-22 20:08:18.107 unir.net.tfgii.selenium.pageobjects.PageObjectLoginPage DEBUG - Logamos con user: UnirTFGII y pwd: Proxy element for: DefaultElementLocator 'By.id: pwd'
2018-03-22 20:08:18.108 unir.net.tfgii.selenium.tests.Login DEBUG - 04 -Hacemos Login con user: UnirTFGII
2018-03-22 20:08:18.136 unir.net.tfgii.selenium.tests.Login DEBUG - 05 -Esperamos que cargue la página principal
2018-03-22 20:08:18.147 unir.net.tfgii.selenium.tests.Login DEBUG - 06 -Comprobamos que es la pagina principal 
2018-03-22 20:08:23.190 unir.net.tfgii.selenium.tests.Login DEBUG - 07 -Hacemos click en la seccion Jenkins 
2018-03-22 20:08:29.231 unir.net.tfgii.selenium.tests.Login DEBUG - 08 -Salir
2018-03-22 20:08:29.231 unir.net.tfgii.selenium.tests.Login DEBUG - FIN- TEST OK
2018-03-22 20:08:29.235 unir.net.tfgii.selenium.tests.base.BaseTestCase DEBUG - Cerrando el driver
Inicializando driver PhantomJS:C:\SoftDesarrollo\SeleniumWebdriver\phantomjs-1.9.7-windows\phantomjs.exe
2018-03-22 20:08:29.821 unir.net.tfgii.selenium.drivers.PhantomJSDriver DEBUG - Inicializando driver PhantomJS
mar 22, 2018 8:08:29 PM org.openqa.selenium.phantomjs.PhantomJSDriverService <init>
INFORMACIÓN: executable: C:\SoftDesarrollo\SeleniumWebdriver\phantomjs-1.9.7-windows\phantomjs.exe
mar 22, 2018 8:08:29 PM org.openqa.selenium.phantomjs.PhantomJSDriverService <init>
INFORMACIÓN: port: 46385
mar 22, 2018 8:08:29 PM org.openqa.selenium.phantomjs.PhantomJSDriverService <init>
INFORMACIÓN: arguments: [--ignore-ssl-errors=true, --ssl-protocol=tlsv1, --web-security=false, --webdriver-loglevel=OFF, --webdriver-loglevel=NONE, --webdriver=46385, --webdriver-logfile=C:\Users\sergiog\.jenkins\workspace\Run_Tests_Local_Secuencial\phantomjsdriver.log]
mar 22, 2018 8:08:29 PM org.openqa.selenium.phantomjs.PhantomJSDriverService <init>
INFORMACIÓN: environment: {}
PhantomJS is launching GhostDriver...
mar 22, 2018 8:08:30 PM org.openqa.selenium.remote.ProtocolHandshake createSession
INFORMACIÓN: Detected dialect: OSS
2018-03-22 20:08:30.377 unir.net.tfgii.selenium.init.SeleniumDriverOperations DEBUG - Driver inicializado correctamente
2018-03-22 20:08:30.378 unir.net.tfgii.selenium.tests.Registro DEBUG - INICIO- Caso de Prueba de Registro
La url de inicio es: http://www.sgc-tfgii.es/index.html
2018-03-22 20:08:32.235 unir.net.tfgii.selenium.tests.Registro DEBUG - 01 -Cargamos la página de login
2018-03-22 20:08:32.265 unir.net.tfgii.selenium.tests.Registro DEBUG - 02 -Esperamos que cargue la página de login
2018-03-22 20:08:32.274 unir.net.tfgii.selenium.tests.Registro DEBUG - 03 -Comprobamos que es la pagina de login
2018-03-22 20:08:32.553 unir.net.tfgii.selenium.pageobjects.PageObjectLoginPage DEBUG - Vamos al registro de usuarios
2018-03-22 20:08:32.573 unir.net.tfgii.selenium.tests.Registro DEBUG - 04 -Vamos al registro de usuarios
2018-03-22 20:08:32.609 unir.net.tfgii.selenium.tests.Registro DEBUG - 05 -Esperamos que cargue la página de registro
2018-03-22 20:08:32.619 unir.net.tfgii.selenium.tests.Registro DEBUG - 06 -Comprobamos que es la pagina de registro 
2018-03-22 20:08:43.096 unir.net.tfgii.selenium.pageobjects.PageObjectRegisterPage DEBUG - Registro rellenado con usuario: sergiogc
2018-03-22 20:08:43.097 unir.net.tfgii.selenium.tests.Registro DEBUG - 07 -Datos formulario registro rellenados
2018-03-22 20:08:49.022 unir.net.tfgii.selenium.pageobjects.PageObjectRegisterPage DEBUG - Realizamos el registro. 
2018-03-22 20:08:49.025 unir.net.tfgii.selenium.tests.Registro DEBUG - 08 -Enviar Registrado
2018-03-22 20:08:54.264 unir.net.tfgii.selenium.tests.Registro DEBUG - 09 -Salir
2018-03-22 20:08:54.264 unir.net.tfgii.selenium.tests.Registro DEBUG - FIN- TEST OK
2018-03-22 20:08:54.267 unir.net.tfgii.selenium.tests.base.BaseTestCase DEBUG - Cerrando el driver
Tests run: 2, Failures: 0, Errors: 0, Skipped: 0, Time elapsed: 84.885 sec

Results :

Tests run: 2, Failures: 0, Errors: 0, Skipped: 0

[INFO] ------------------------------------------------------------------------
[INFO] BUILD SUCCESS
[INFO] ------------------------------------------------------------------------
[INFO] Total time: 01:28 min
[INFO] Finished at: 2018-03-22T20:08:55+01:00
[INFO] Final Memory: 12M/221M
[INFO] ------------------------------------------------------------------------
Finished: SUCCESS
