Lanzada por el usuario [8mha:////4ASAjq7C/sSB4sIzq+4BVAAZsrwMTV3jKz30sL1zmxUIAAAAlx+LCAAAAAAAAP9b85aBtbiIQTGjNKU4P08vOT+vOD8nVc83PyU1x6OyILUoJzMv2y+/JJUBAhiZGBgqihhk0NSjKDWzXb3RdlLBUSYGJk8GtpzUvPSSDB8G5tKinBIGIZ+sxLJE/ZzEvHT94JKizLx0a6BxUmjGOUNodHsLgAzWEgZu/dLi1CL9xJTczDwAj6GcLcAAAAA=[0madmin
Ejecutando.en el espacio de trabajo C:\Users\sergiog\.jenkins\workspace\Run_Tests_Local_Secuencial
 > git.exe rev-parse --is-inside-work-tree # timeout=10
Fetching changes from the remote Git repository
 > git.exe config remote.origin.url https://github.com/sglezcasco/sgc-tfgii.git # timeout=10
Fetching upstream changes from https://github.com/sglezcasco/sgc-tfgii.git
 > git.exe --version # timeout=10
 > git.exe fetch --tags --progress https://github.com/sglezcasco/sgc-tfgii.git +refs/heads/*:refs/remotes/origin/*
 > git.exe rev-parse "refs/remotes/origin/master^{commit}" # timeout=10
 > git.exe rev-parse "refs/remotes/origin/origin/master^{commit}" # timeout=10
Checking out Revision 634aa09871a9b18a96eeec3dcf86235a056718f3 (refs/remotes/origin/master)
 > git.exe config core.sparsecheckout # timeout=10
 > git.exe checkout -f 634aa09871a9b18a96eeec3dcf86235a056718f3
Commit message: "update httpcore dependencies in pom.xml"
 > git.exe rev-list --no-walk 634aa09871a9b18a96eeec3dcf86235a056718f3 # timeout=10
Run condition [Boolean condition] enabling prebuild for step [Ejecutar un comando de Windows]
Run condition [Boolean condition] enabling prebuild for step [Ejecutar un comando de Windows]
Run condition [Boolean condition] enabling prebuild for step [Ejecutar un comando de Windows]
Run condition [Boolean condition] enabling prebuild for step [Ejecutar un comando de Windows]
[Run_Tests_Local_Secuencial] $ cmd /c call C:\Users\sergiog\AppData\Local\Temp\jenkins3503379933225443723.bat

C:\Users\sergiog\.jenkins\workspace\Run_Tests_Local_Secuencial>mvn eclipse:eclipse 
[INFO] Scanning for projects...
[INFO]                                                                         
[INFO] ------------------------------------------------------------------------
[INFO] Building Selenium Tests 1.0.0
[INFO] ------------------------------------------------------------------------
[INFO] 
[INFO] >>> maven-eclipse-plugin:2.10:eclipse (default-cli) > generate-resources @ pruebas-selenium >>>
[INFO] 
[INFO] <<< maven-eclipse-plugin:2.10:eclipse (default-cli) < generate-resources @ pruebas-selenium <<<
[INFO] 
[INFO] --- maven-eclipse-plugin:2.10:eclipse (default-cli) @ pruebas-selenium ---
[INFO] Using Eclipse Workspace: null
[INFO] Adding default classpath container: org.eclipse.jdt.launching.JRE_CONTAINER/org.eclipse.jdt.internal.debug.ui.launcher.StandardVMType/JavaSE-1.8
[INFO] File C:\Users\sergiog\.jenkins\workspace\Run_Tests_Local_Secuencial\.project already exists.
       Additional settings will be preserved, run mvn eclipse:clean if you want old settings to be removed.
[INFO] Wrote Eclipse project for "pruebas-selenium" to C:\Users\sergiog\.jenkins\workspace\Run_Tests_Local_Secuencial.
[INFO] 
[INFO] ------------------------------------------------------------------------
[INFO] BUILD SUCCESS
[INFO] ------------------------------------------------------------------------
[INFO] Total time: 3.944 s
[INFO] Finished at: 2018-03-18T21:38:00+01:00
[INFO] Final Memory: 13M/222M
[INFO] ------------------------------------------------------------------------
[Boolean condition] checking [false] against [^(1|y|yes|t|true|on|run)$] (origin token: ${Firefox})
Run condition [Boolean condition] preventing perform for step [Ejecutar un comando de Windows]
[Boolean condition] checking [true] against [^(1|y|yes|t|true|on|run)$] (origin token: ${Chrome})
Run condition [Boolean condition] enabling perform for step [Ejecutar un comando de Windows]
[Run_Tests_Local_Secuencial] $ cmd /c call C:\Users\sergiog\AppData\Local\Temp\jenkins8176534599771935212.bat

C:\Users\sergiog\.jenkins\workspace\Run_Tests_Local_Secuencial>mvn -Dtest=unir.net.tfgii.selenium.tests.Login,unir.net.tfgii.selenium.tests.Registro -DdriverProvider=GoogleChromeDriver -Dexecution=local test 
[INFO] Scanning for projects...
[INFO]                                                                         
[INFO] ------------------------------------------------------------------------
[INFO] Building Selenium Tests 1.0.0
[INFO] ------------------------------------------------------------------------
[INFO] 
[INFO] --- maven-resources-plugin:2.6:resources (default-resources) @ pruebas-selenium ---
[INFO] Using 'UTF-8' encoding to copy filtered resources.
[INFO] skip non existing resourceDirectory C:\Users\sergiog\.jenkins\workspace\Run_Tests_Local_Secuencial\src\main\resources
[INFO] 
[INFO] --- maven-compiler-plugin:3.3:compile (default-compile) @ pruebas-selenium ---
[INFO] No sources to compile
[INFO] 
[INFO] --- maven-resources-plugin:2.6:testResources (default-testResources) @ pruebas-selenium ---
[INFO] Using 'UTF-8' encoding to copy filtered resources.
[INFO] Copying 4 resources
[INFO] 
[INFO] --- maven-compiler-plugin:3.3:testCompile (default-testCompile) @ pruebas-selenium ---
[INFO] Nothing to compile - all classes are up to date
[INFO] 
[INFO] --- maven-surefire-plugin:2.14.1:test (default-test) @ pruebas-selenium ---
[INFO] Surefire report directory: C:\Users\sergiog\.jenkins\workspace\Run_Tests_Local_Secuencial\target\surefire-reports

-------------------------------------------------------
 T E S T S
-------------------------------------------------------
Running TestSuite
Configuring TestNG with: TestNG652Configurator
2018-03-18 21:38:04.675 unir.net.tfgii.selenium.drivers.GoogleChromeDriver DEBUG - Inicializando driver Google Chrome.
Starting ChromeDriver 2.36.540470 (e522d04694c7ebea4ba8821272dbef4f9b818c91) on port 11286
Only local connections are allowed.
mar 18, 2018 9:38:07 PM org.openqa.selenium.remote.ProtocolHandshake createSession
INFORMACIÓN: Detected dialect: OSS
2018-03-18 21:38:08.347 unir.net.tfgii.selenium.init.SeleniumDriverOperations DEBUG - Driver inicializado correctamente
2018-03-18 21:38:08.351 unir.net.tfgii.selenium.tests.Login DEBUG - INICIO- Caso de Prueba de Login
La url de inicio es: http://www.sgc-tfgii.es/index.html
2018-03-18 21:39:43.355 unir.net.tfgii.selenium.tests.Login DEBUG - 01 -Cargamos la página de login
2018-03-18 21:39:43.407 unir.net.tfgii.selenium.tests.Login DEBUG - 02 -Esperamos que cargue la página de login
2018-03-18 21:39:43.423 unir.net.tfgii.selenium.tests.Login DEBUG - 03 -Comprobamos que es la pagina de login
2018-03-18 21:40:18.886 unir.net.tfgii.selenium.pageobjects.PageObjectLoginPage DEBUG - Logamos con user: UnirTFGII y pwd: Proxy element for: DefaultElementLocator 'By.id: pwd'
2018-03-18 21:40:18.888 unir.net.tfgii.selenium.tests.Login DEBUG - 04 -Hacemos Login con user: UnirTFGII
2018-03-18 21:40:18.925 unir.net.tfgii.selenium.tests.Login DEBUG - 05 -Esperamos que cargue la página principal
2018-03-18 21:40:18.940 unir.net.tfgii.selenium.tests.Login DEBUG - 06 -Comprobamos que es la pagina principal 
2018-03-18 21:40:24.070 unir.net.tfgii.selenium.tests.Login DEBUG - 07 -Hacemos click en la seccion Jenkins 
2018-03-18 21:40:29.168 unir.net.tfgii.selenium.tests.Login DEBUG - 08 -Salir
2018-03-18 21:40:29.169 unir.net.tfgii.selenium.tests.Login DEBUG - FIN- TEST OK
2018-03-18 21:40:29.174 unir.net.tfgii.selenium.tests.base.BaseTestCase DEBUG - Cerrando el driver
2018-03-18 21:40:29.898 unir.net.tfgii.selenium.drivers.GoogleChromeDriver DEBUG - Inicializando driver Google Chrome.
Starting ChromeDriver 2.36.540470 (e522d04694c7ebea4ba8821272dbef4f9b818c91) on port 24029
Only local connections are allowed.
mar 18, 2018 9:40:32 PM org.openqa.selenium.remote.ProtocolHandshake createSession
INFORMACIÓN: Detected dialect: OSS
2018-03-18 21:40:33.170 unir.net.tfgii.selenium.init.SeleniumDriverOperations DEBUG - Driver inicializado correctamente
2018-03-18 21:40:33.171 unir.net.tfgii.selenium.tests.Registro DEBUG - INICIO- Caso de Prueba de Registro
La url de inicio es: http://www.sgc-tfgii.es/index.html
2018-03-18 21:40:33.542 unir.net.tfgii.selenium.tests.Registro DEBUG - 01 -Cargamos la página de login
2018-03-18 21:40:33.609 unir.net.tfgii.selenium.tests.Registro DEBUG - 02 -Esperamos que cargue la página de login
2018-03-18 21:40:33.632 unir.net.tfgii.selenium.tests.Registro DEBUG - 03 -Comprobamos que es la pagina de login
2018-03-18 21:40:33.827 unir.net.tfgii.selenium.pageobjects.PageObjectLoginPage DEBUG - Vamos al registro de usuarios
2018-03-18 21:40:33.835 unir.net.tfgii.selenium.tests.Registro DEBUG - 04 -Vamos al registro de usuarios
2018-03-18 21:40:33.889 unir.net.tfgii.selenium.tests.Registro DEBUG - 05 -Esperamos que cargue la página de registro
2018-03-18 21:40:33.909 unir.net.tfgii.selenium.tests.Registro DEBUG - 06 -Comprobamos que es la pagina de registro 
2018-03-18 21:40:44.916 unir.net.tfgii.selenium.pageobjects.PageObjectRegisterPage DEBUG - Registro rellenado con usuario: sergiogc
2018-03-18 21:40:44.917 unir.net.tfgii.selenium.tests.Registro DEBUG - 07 -Datos formulario registro rellenados
2018-03-18 21:40:50.222 unir.net.tfgii.selenium.pageobjects.PageObjectRegisterPage DEBUG - Realizamos el registro. 
2018-03-18 21:40:50.223 unir.net.tfgii.selenium.tests.Registro DEBUG - 08 -Enviar Registrado
2018-03-18 21:40:55.334 unir.net.tfgii.selenium.tests.Registro DEBUG - 09 -Salir
2018-03-18 21:40:55.334 unir.net.tfgii.selenium.tests.Registro DEBUG - FIN- TEST OK
2018-03-18 21:40:55.336 unir.net.tfgii.selenium.tests.base.BaseTestCase DEBUG - Cerrando el driver
Tests run: 2, Failures: 0, Errors: 0, Skipped: 0, Time elapsed: 172.335 sec

Results :

Tests run: 2, Failures: 0, Errors: 0, Skipped: 0

[INFO] ------------------------------------------------------------------------
[INFO] BUILD SUCCESS
[INFO] ------------------------------------------------------------------------
[INFO] Total time: 02:54 min
[INFO] Finished at: 2018-03-18T21:40:56+01:00
[INFO] Final Memory: 14M/222M
[INFO] ------------------------------------------------------------------------
[Boolean condition] checking [true] against [^(1|y|yes|t|true|on|run)$] (origin token: ${Edge})
Run condition [Boolean condition] enabling perform for step [Ejecutar un comando de Windows]
[Run_Tests_Local_Secuencial] $ cmd /c call C:\Users\sergiog\AppData\Local\Temp\jenkins2849765954379955086.bat

C:\Users\sergiog\.jenkins\workspace\Run_Tests_Local_Secuencial>mvn -Dtest=unir.net.tfgii.selenium.tests.Login,unir.net.tfgii.selenium.tests.Registro -DdriverProvider=MicrosoftEdgeDriver -Dexecution=local test 
[INFO] Scanning for projects...
[INFO]                                                                         
[INFO] ------------------------------------------------------------------------
[INFO] Building Selenium Tests 1.0.0
[INFO] ------------------------------------------------------------------------
[INFO] 
[INFO] --- maven-resources-plugin:2.6:resources (default-resources) @ pruebas-selenium ---
[INFO] Using 'UTF-8' encoding to copy filtered resources.
[INFO] skip non existing resourceDirectory C:\Users\sergiog\.jenkins\workspace\Run_Tests_Local_Secuencial\src\main\resources
[INFO] 
[INFO] --- maven-compiler-plugin:3.3:compile (default-compile) @ pruebas-selenium ---
[INFO] No sources to compile
[INFO] 
[INFO] --- maven-resources-plugin:2.6:testResources (default-testResources) @ pruebas-selenium ---
[INFO] Using 'UTF-8' encoding to copy filtered resources.
[INFO] Copying 4 resources
[INFO] 
[INFO] --- maven-compiler-plugin:3.3:testCompile (default-testCompile) @ pruebas-selenium ---
[INFO] Nothing to compile - all classes are up to date
[INFO] 
[INFO] --- maven-surefire-plugin:2.14.1:test (default-test) @ pruebas-selenium ---
[INFO] Surefire report directory: C:\Users\sergiog\.jenkins\workspace\Run_Tests_Local_Secuencial\target\surefire-reports

-------------------------------------------------------
 T E S T S
-------------------------------------------------------
Running TestSuite
Configuring TestNG with: TestNG652Configurator
2018-03-18 21:41:01.339 unir.net.tfgii.selenium.drivers.MicrosoftEdgeDriver DEBUG - Inicializando driver Microsoft Edge.
[21:41:02.278] - Listening on http://localhost:45192/ 
mar 18, 2018 9:41:05 PM org.openqa.selenium.remote.ProtocolHandshake createSession
INFORMACIÓN: Detected dialect: OSS
2018-03-18 21:41:05.817 unir.net.tfgii.selenium.init.SeleniumDriverOperations DEBUG - Driver inicializado correctamente
2018-03-18 21:41:05.821 unir.net.tfgii.selenium.tests.Login DEBUG - INICIO- Caso de Prueba de Login
La url de inicio es: http://www.sgc-tfgii.es/index.html
2018-03-18 21:41:08.456 unir.net.tfgii.selenium.tests.Login DEBUG - 01 -Cargamos la página de login
2018-03-18 21:41:08.576 unir.net.tfgii.selenium.tests.Login DEBUG - 02 -Esperamos que cargue la página de login
2018-03-18 21:41:08.585 unir.net.tfgii.selenium.tests.Login DEBUG - 03 -Comprobamos que es la pagina de login
2018-03-18 21:41:44.409 unir.net.tfgii.selenium.pageobjects.PageObjectLoginPage DEBUG - Logamos con user: UnirTFGII y pwd: Proxy element for: DefaultElementLocator 'By.id: pwd'
2018-03-18 21:41:44.410 unir.net.tfgii.selenium.tests.Login DEBUG - 04 -Hacemos Login con user: UnirTFGII
2018-03-18 21:41:44.422 unir.net.tfgii.selenium.tests.Login DEBUG - 05 -Esperamos que cargue la página principal
2018-03-18 21:41:44.427 unir.net.tfgii.selenium.tests.Login DEBUG - 06 -Comprobamos que es la pagina principal 
2018-03-18 21:41:49.482 unir.net.tfgii.selenium.tests.Login DEBUG - 07 -Hacemos click en la seccion Jenkins 
2018-03-18 21:41:54.616 unir.net.tfgii.selenium.tests.Login DEBUG - 08 -Salir
2018-03-18 21:41:54.616 unir.net.tfgii.selenium.tests.Login DEBUG - FIN- TEST OK
2018-03-18 21:41:54.617 unir.net.tfgii.selenium.tests.base.BaseTestCase DEBUG - Cerrando el driver
[21:41:58.060] - Stopping server.
2018-03-18 21:41:58.592 unir.net.tfgii.selenium.drivers.MicrosoftEdgeDriver DEBUG - Inicializando driver Microsoft Edge.
[21:41:58.809] - Listening on http://localhost:45761/ 
mar 18, 2018 9:41:59 PM org.openqa.selenium.remote.ProtocolHandshake createSession
INFORMACIÓN: Detected dialect: OSS
2018-03-18 21:41:59.905 unir.net.tfgii.selenium.init.SeleniumDriverOperations DEBUG - Driver inicializado correctamente
2018-03-18 21:41:59.906 unir.net.tfgii.selenium.tests.Registro DEBUG - INICIO- Caso de Prueba de Registro
La url de inicio es: http://www.sgc-tfgii.es/index.html
2018-03-18 21:42:00.013 unir.net.tfgii.selenium.tests.Registro DEBUG - 01 -Cargamos la página de login
2018-03-18 21:42:00.036 unir.net.tfgii.selenium.tests.Registro DEBUG - 02 -Esperamos que cargue la página de login
2018-03-18 21:42:00.042 unir.net.tfgii.selenium.tests.Registro DEBUG - 03 -Comprobamos que es la pagina de login
2018-03-18 21:42:00.078 unir.net.tfgii.selenium.pageobjects.PageObjectLoginPage DEBUG - Vamos al registro de usuarios
2018-03-18 21:42:00.085 unir.net.tfgii.selenium.tests.Registro DEBUG - 04 -Vamos al registro de usuarios
2018-03-18 21:42:00.897 unir.net.tfgii.selenium.tests.Registro DEBUG - 05 -Esperamos que cargue la página de registro
2018-03-18 21:42:00.902 unir.net.tfgii.selenium.tests.Registro DEBUG - 06 -Comprobamos que es la pagina de registro 
2018-03-18 21:42:11.245 unir.net.tfgii.selenium.pageobjects.PageObjectRegisterPage DEBUG - Registro rellenado con usuario: sergiogc
2018-03-18 21:42:11.245 unir.net.tfgii.selenium.tests.Registro DEBUG - 07 -Datos formulario registro rellenados
2018-03-18 21:42:16.355 unir.net.tfgii.selenium.pageobjects.PageObjectRegisterPage DEBUG - Realizamos el registro. 
2018-03-18 21:42:16.356 unir.net.tfgii.selenium.tests.Registro DEBUG - 08 -Enviar Registrado
2018-03-18 21:42:21.436 unir.net.tfgii.selenium.tests.Registro DEBUG - 09 -Salir
2018-03-18 21:42:21.437 unir.net.tfgii.selenium.tests.Registro DEBUG - FIN- TEST OK
2018-03-18 21:42:21.440 unir.net.tfgii.selenium.tests.base.BaseTestCase DEBUG - Cerrando el driver
[21:42:23.923] - Stopping server.
Tests run: 2, Failures: 0, Errors: 0, Skipped: 0, Time elapsed: 84.185 sec

Results :

Tests run: 2, Failures: 0, Errors: 0, Skipped: 0

[INFO] ------------------------------------------------------------------------
[INFO] BUILD SUCCESS
[INFO] ------------------------------------------------------------------------
[INFO] Total time: 01:27 min
[INFO] Finished at: 2018-03-18T21:42:25+01:00
[INFO] Final Memory: 12M/222M
[INFO] ------------------------------------------------------------------------
[Boolean condition] checking [true] against [^(1|y|yes|t|true|on|run)$] (origin token: ${PhantomJS})
Run condition [Boolean condition] enabling perform for step [Ejecutar un comando de Windows]
[Run_Tests_Local_Secuencial] $ cmd /c call C:\Users\sergiog\AppData\Local\Temp\jenkins7071874780030824407.bat

C:\Users\sergiog\.jenkins\workspace\Run_Tests_Local_Secuencial>mvn -Dtest=unir.net.tfgii.selenium.tests.Login,unir.net.tfgii.selenium.tests.Registro -DdriverProvider=PhantomJSDriver -Dexecution=local test  
[INFO] Scanning for projects...
[INFO]                                                                         
[INFO] ------------------------------------------------------------------------
[INFO] Building Selenium Tests 1.0.0
[INFO] ------------------------------------------------------------------------
[INFO] 
[INFO] --- maven-resources-plugin:2.6:resources (default-resources) @ pruebas-selenium ---
[INFO] Using 'UTF-8' encoding to copy filtered resources.
[INFO] skip non existing resourceDirectory C:\Users\sergiog\.jenkins\workspace\Run_Tests_Local_Secuencial\src\main\resources
[INFO] 
[INFO] --- maven-compiler-plugin:3.3:compile (default-compile) @ pruebas-selenium ---
[INFO] No sources to compile
[INFO] 
[INFO] --- maven-resources-plugin:2.6:testResources (default-testResources) @ pruebas-selenium ---
[INFO] Using 'UTF-8' encoding to copy filtered resources.
[INFO] Copying 4 resources
[INFO] 
[INFO] --- maven-compiler-plugin:3.3:testCompile (default-testCompile) @ pruebas-selenium ---
[INFO] Nothing to compile - all classes are up to date
[INFO] 
[INFO] --- maven-surefire-plugin:2.14.1:test (default-test) @ pruebas-selenium ---
[INFO] Surefire report directory: C:\Users\sergiog\.jenkins\workspace\Run_Tests_Local_Secuencial\target\surefire-reports

-------------------------------------------------------
 T E S T S
-------------------------------------------------------
Running TestSuite
Configuring TestNG with: TestNG652Configurator
Inicializando driver PhantomJS:C:\SoftDesarrollo\SeleniumWebdriver\phantomjs-1.9.7-windows\phantomjs.exe
2018-03-18 21:42:30.048 unir.net.tfgii.selenium.drivers.PhantomJSDriver DEBUG - Inicializando driver PhantomJS
mar 18, 2018 9:42:30 PM org.openqa.selenium.phantomjs.PhantomJSDriverService <init>
INFORMACIÓN: executable: C:\SoftDesarrollo\SeleniumWebdriver\phantomjs-1.9.7-windows\phantomjs.exe
mar 18, 2018 9:42:30 PM org.openqa.selenium.phantomjs.PhantomJSDriverService <init>
INFORMACIÓN: port: 34555
mar 18, 2018 9:42:30 PM org.openqa.selenium.phantomjs.PhantomJSDriverService <init>
INFORMACIÓN: arguments: [--ignore-ssl-errors=true, --ssl-protocol=tlsv1, --web-security=false, --webdriver-loglevel=OFF, --webdriver-loglevel=NONE, --webdriver=34555, --webdriver-logfile=C:\Users\sergiog\.jenkins\workspace\Run_Tests_Local_Secuencial\phantomjsdriver.log]
mar 18, 2018 9:42:30 PM org.openqa.selenium.phantomjs.PhantomJSDriverService <init>
INFORMACIÓN: environment: {}
PhantomJS is launching GhostDriver...
mar 18, 2018 9:42:34 PM org.openqa.selenium.remote.ProtocolHandshake createSession
INFORMACIÓN: Detected dialect: OSS
2018-03-18 21:42:34.422 unir.net.tfgii.selenium.init.SeleniumDriverOperations DEBUG - Driver inicializado correctamente
2018-03-18 21:42:34.426 unir.net.tfgii.selenium.tests.Login DEBUG - INICIO- Caso de Prueba de Login
La url de inicio es: http://www.sgc-tfgii.es/index.html
2018-03-18 21:42:35.958 unir.net.tfgii.selenium.tests.Login DEBUG - 01 -Cargamos la página de login
2018-03-18 21:42:36.016 unir.net.tfgii.selenium.tests.Login DEBUG - 02 -Esperamos que cargue la página de login
2018-03-18 21:42:36.030 unir.net.tfgii.selenium.tests.Login DEBUG - 03 -Comprobamos que es la pagina de login
2018-03-18 21:43:11.955 unir.net.tfgii.selenium.pageobjects.PageObjectLoginPage DEBUG - Logamos con user: UnirTFGII y pwd: Proxy element for: DefaultElementLocator 'By.id: pwd'
2018-03-18 21:43:11.956 unir.net.tfgii.selenium.tests.Login DEBUG - 04 -Hacemos Login con user: UnirTFGII
2018-03-18 21:43:11.990 unir.net.tfgii.selenium.tests.Login DEBUG - 05 -Esperamos que cargue la página principal
2018-03-18 21:43:12.000 unir.net.tfgii.selenium.tests.Login DEBUG - 06 -Comprobamos que es la pagina principal 
2018-03-18 21:43:17.048 unir.net.tfgii.selenium.tests.Login DEBUG - 07 -Hacemos click en la seccion Jenkins 
2018-03-18 21:43:23.442 unir.net.tfgii.selenium.tests.Login DEBUG - 08 -Salir
2018-03-18 21:43:23.443 unir.net.tfgii.selenium.tests.Login DEBUG - FIN- TEST OK
2018-03-18 21:43:23.446 unir.net.tfgii.selenium.tests.base.BaseTestCase DEBUG - Cerrando el driver
Inicializando driver PhantomJS:C:\SoftDesarrollo\SeleniumWebdriver\phantomjs-1.9.7-windows\phantomjs.exe
2018-03-18 21:43:24.064 unir.net.tfgii.selenium.drivers.PhantomJSDriver DEBUG - Inicializando driver PhantomJS
mar 18, 2018 9:43:24 PM org.openqa.selenium.phantomjs.PhantomJSDriverService <init>
INFORMACIÓN: executable: C:\SoftDesarrollo\SeleniumWebdriver\phantomjs-1.9.7-windows\phantomjs.exe
mar 18, 2018 9:43:24 PM org.openqa.selenium.phantomjs.PhantomJSDriverService <init>
INFORMACIÓN: port: 42741
mar 18, 2018 9:43:24 PM org.openqa.selenium.phantomjs.PhantomJSDriverService <init>
INFORMACIÓN: arguments: [--ignore-ssl-errors=true, --ssl-protocol=tlsv1, --web-security=false, --webdriver-loglevel=OFF, --webdriver-loglevel=NONE, --webdriver=42741, --webdriver-logfile=C:\Users\sergiog\.jenkins\workspace\Run_Tests_Local_Secuencial\phantomjsdriver.log]
mar 18, 2018 9:43:24 PM org.openqa.selenium.phantomjs.PhantomJSDriverService <init>
INFORMACIÓN: environment: {}
PhantomJS is launching GhostDriver...
mar 18, 2018 9:43:25 PM org.openqa.selenium.remote.ProtocolHandshake createSession
INFORMACIÓN: Detected dialect: OSS
2018-03-18 21:43:25.168 unir.net.tfgii.selenium.init.SeleniumDriverOperations DEBUG - Driver inicializado correctamente
2018-03-18 21:43:25.169 unir.net.tfgii.selenium.tests.Registro DEBUG - INICIO- Caso de Prueba de Registro
La url de inicio es: http://www.sgc-tfgii.es/index.html
2018-03-18 21:43:27.762 unir.net.tfgii.selenium.tests.Registro DEBUG - 01 -Cargamos la página de login
2018-03-18 21:43:27.810 unir.net.tfgii.selenium.tests.Registro DEBUG - 02 -Esperamos que cargue la página de login
2018-03-18 21:43:27.822 unir.net.tfgii.selenium.tests.Registro DEBUG - 03 -Comprobamos que es la pagina de login
2018-03-18 21:43:28.101 unir.net.tfgii.selenium.pageobjects.PageObjectLoginPage DEBUG - Vamos al registro de usuarios
2018-03-18 21:43:28.117 unir.net.tfgii.selenium.tests.Registro DEBUG - 04 -Vamos al registro de usuarios
2018-03-18 21:43:28.159 unir.net.tfgii.selenium.tests.Registro DEBUG - 05 -Esperamos que cargue la página de registro
2018-03-18 21:43:28.170 unir.net.tfgii.selenium.tests.Registro DEBUG - 06 -Comprobamos que es la pagina de registro 
2018-03-18 21:43:38.669 unir.net.tfgii.selenium.pageobjects.PageObjectRegisterPage DEBUG - Registro rellenado con usuario: sergiogc
2018-03-18 21:43:38.670 unir.net.tfgii.selenium.tests.Registro DEBUG - 07 -Datos formulario registro rellenados
2018-03-18 21:43:44.022 unir.net.tfgii.selenium.pageobjects.PageObjectRegisterPage DEBUG - Realizamos el registro. 
2018-03-18 21:43:44.022 unir.net.tfgii.selenium.tests.Registro DEBUG - 08 -Enviar Registrado
2018-03-18 21:43:49.146 unir.net.tfgii.selenium.tests.Registro DEBUG - 09 -Salir
2018-03-18 21:43:49.147 unir.net.tfgii.selenium.tests.Registro DEBUG - FIN- TEST OK
2018-03-18 21:43:49.149 unir.net.tfgii.selenium.tests.base.BaseTestCase DEBUG - Cerrando el driver
Tests run: 2, Failures: 0, Errors: 0, Skipped: 0, Time elapsed: 80.714 sec

Results :

Tests run: 2, Failures: 0, Errors: 0, Skipped: 0

[INFO] ------------------------------------------------------------------------
[INFO] BUILD SUCCESS
[INFO] ------------------------------------------------------------------------
[INFO] Total time: 01:23 min
[INFO] Finished at: 2018-03-18T21:43:50+01:00
[INFO] Final Memory: 12M/221M
[INFO] ------------------------------------------------------------------------
Finished: SUCCESS
